<?xml version="1.0" encoding="UTF-8"?>
<!-- Generated by org.testng.reporters.JUnitReportReporter -->
<testsuite skipped="0" hostname="DESKTOP-QFTE8PL" name="com.class01.TitleLogoAndLoginVerification" tests="3" failures="0" timestamp="2020-01-27T13:00:58 EST" time="60.015" errors="0">
  <testcase name="validLogin" time="20.727" classname="com.class01.TitleLogoAndLoginVerification"/>
  <testcase name="titleValidation" time="17.859" classname="com.class01.TitleLogoAndLoginVerification"/>
  <testcase name="logoValidation" time="21.429" classname="com.class01.TitleLogoAndLoginVerification"/>
</testsuite> <!-- com.class01.TitleLogoAndLoginVerification -->
