<?xml version="1.0" encoding="UTF-8"?>
<!-- Generated by org.testng.reporters.JUnitReportReporter -->
<testsuite skipped="1" hostname="DESKTOP-QFTE8PL" name="com.class02.HW" tests="2" failures="0" timestamp="2020-01-27T13:00:58 EST" time="15.998" errors="0">
  <testcase name="validationOfMessage" time="15.998" classname="com.class02.HW"/>
  <testcase name="validationOfLogo" classname="com.class02.HW">
    <skipped/>
  </testcase> <!-- validationOfLogo -->
</testsuite> <!-- com.class02.HW -->
