<?xml version="1.0" encoding="UTF-8"?>
<!-- Generated by org.testng.reporters.JUnitReportReporter -->
<testsuite skipped="0" hostname="DESKTOP-QFTE8PL" name="com.class01.DifferentAnnotations" tests="1" failures="0" timestamp="2020-01-26T20:45:36 EST" time="0.015" errors="0">
  <testcase name="test" time="0.015" classname="com.class01.DifferentAnnotations"/>
</testsuite> <!-- com.class01.DifferentAnnotations -->
