<?xml version="1.0" encoding="UTF-8"?>
<!-- Generated by org.testng.reporters.JUnitReportReporter -->
<testsuite skipped="0" hostname="DESKTOP-QFTE8PL" name="com.class01.TaskTwo" tests="2" failures="0" timestamp="2020-01-26T20:59:56 EST" time="0.015" errors="0">
  <testcase name="kids" time="0.010" classname="com.class01.TaskTwo"/>
  <testcase name="kids1" time="0.005" classname="com.class01.TaskTwo"/>
</testsuite> <!-- com.class01.TaskTwo -->
