<?xml version="1.0" encoding="UTF-8"?>
<!-- Generated by org.testng.reporters.JUnitReportReporter -->
<testsuite skipped="0" hostname="DESKTOP-QFTE8PL" name="com.class01.TestNGTask" tests="4" failures="0" timestamp="2020-01-26T20:31:49 EST" time="0.030" errors="0">
  <testcase name="sayHello1" time="0.004" classname="com.class01.TestNGTask"/>
  <testcase name="sayHello3" time="0.002" classname="com.class01.TestNGTask"/>
  <testcase name="sayHello" time="0.020" classname="com.class01.TestNGTask"/>
  <testcase name="sayHello2" time="0.004" classname="com.class01.TestNGTask"/>
</testsuite> <!-- com.class01.TestNGTask -->
