<?xml version="1.0" encoding="UTF-8"?>
<!-- Generated by org.testng.reporters.JUnitReportReporter -->
<testsuite skipped="0" hostname="DESKTOP-QFTE8PL" name="com.class01.TestNGDemo" tests="3" failures="0" timestamp="2020-01-26T20:29:02 EST" time="0.037" errors="0">
  <testcase name="testThree" time="0.007" classname="com.class01.TestNGDemo"/>
  <testcase name="testOne" time="0.025" classname="com.class01.TestNGDemo"/>
  <testcase name="testTwo" time="0.005" classname="com.class01.TestNGDemo"/>
</testsuite> <!-- com.class01.TestNGDemo -->
